c:\users\or amit\documents\visual studio 2015\projects\componet\componet\x64\debug\vc140.pdb
c:\users\or amit\documents\visual studio 2015\projects\componet\componet\x64\debug\vc140.idb
c:\users\or amit\documents\visual studio 2015\projects\componet\componet\x64\debug\checklist.obj
c:\users\or amit\documents\visual studio 2015\projects\componet\componet\x64\debug\combobox.obj
c:\users\or amit\documents\visual studio 2015\projects\componet\componet\x64\debug\radiolist.obj
c:\users\or amit\documents\visual studio 2015\projects\componet\componet\x64\debug\component.obj
c:\users\or amit\documents\visual studio 2015\projects\componet\componet\x64\debug\componentobserver.obj
c:\users\or amit\documents\visual studio 2015\projects\componet\componet\x64\debug\label.obj
c:\users\or amit\documents\visual studio 2015\projects\componet\componet\x64\debug\position.obj
c:\users\or amit\documents\visual studio 2015\projects\componet\componet\x64\debug\source.obj
c:\users\or amit\documents\visual studio 2015\projects\componet\componet\x64\debug\textbox.obj
c:\users\or amit\documents\visual studio 2015\projects\componet\x64\debug\componet.ilk
c:\users\or amit\documents\visual studio 2015\projects\componet\x64\debug\componet.exe
c:\users\or amit\documents\visual studio 2015\projects\componet\x64\debug\componet.pdb
c:\users\or amit\documents\visual studio 2015\projects\componet\componet\x64\debug\componet.tlog\cl.command.1.tlog
c:\users\or amit\documents\visual studio 2015\projects\componet\componet\x64\debug\componet.tlog\cl.read.1.tlog
c:\users\or amit\documents\visual studio 2015\projects\componet\componet\x64\debug\componet.tlog\cl.write.1.tlog
c:\users\or amit\documents\visual studio 2015\projects\componet\componet\x64\debug\componet.tlog\link.command.1.tlog
c:\users\or amit\documents\visual studio 2015\projects\componet\componet\x64\debug\componet.tlog\link.read.1.tlog
c:\users\or amit\documents\visual studio 2015\projects\componet\componet\x64\debug\componet.tlog\link.write.1.tlog
